<?xml version="1.0" encoding="UTF-8"?>
<testng-results skipped="0" failed="1" total="3" passed="2">
  <reporter-output>
  </reporter-output>
  <suite name="Default suite" duration-ms="59592" started-at="2015-06-02T13:52:22Z" finished-at="2015-06-02T13:53:22Z">
    <groups>
    </groups>
    <test name="Default test" duration-ms="59592" started-at="2015-06-02T13:52:22Z" finished-at="2015-06-02T13:53:22Z">
      <class name="com.application.tests.DeleteBillingTest">
        <test-method status="PASS" signature="launch()[pri:0, instance:com.application.tests.DeleteBillingTest@173940bb]" name="launch" is-config="true" duration-ms="3154" started-at="2015-06-02T19:22:44Z" finished-at="2015-06-02T19:22:47Z">
          <reporter-output>
          </reporter-output>
        </test-method> <!-- launch -->
        <test-method status="FAIL" signature="testDeleteBilling()[pri:0, instance:com.application.tests.DeleteBillingTest@173940bb]" name="testDeleteBilling" duration-ms="34244" started-at="2015-06-02T19:22:47Z" finished-at="2015-06-02T19:23:21Z">
          <exception class="org.openqa.selenium.NoSuchElementException">
            <message>
              <![CDATA[no such element
  (Session info: chrome=43.0.2357.81)
  (Driver info: chromedriver=2.15.322455 (ae8db840dac8d0c453355d3d922c91adfb61df8f),platform=Mac OS X 10.10.2 x86_64) (WARNING: The server did not provide any stacktrace information)
Command duration or timeout: 30.06 seconds
For documentation on this error, please visit: http://seleniumhq.org/exceptions/no_such_element.html
Build info: version: '2.45.0', revision: '5017cb8e7ca8e37638dc3091b2440b90a1d8686f', time: '2015-02-27 09:10:26'
System info: host: '80e65026a410', ip: '10.92.244.252', os.name: 'Mac OS X', os.arch: 'x86_64', os.version: '10.10.2', java.version: '1.7.0_75'
*** Element info: {Using=xpath, value=//a[text()='Automation']/../../td[6]/a}
Session ID: de9bea4571acb4a624b8fa51b55fccf1
Driver info: org.openqa.selenium.chrome.ChromeDriver
Capabilities [{platform=MAC, acceptSslCerts=true, javascriptEnabled=true, browserName=chrome, chrome={userDataDir=/var/folders/y9/d9yyv9fs0h707hcgpy644q_ss5n7vv/T/.org.chromium.Chromium.t2jQkD}, rotatable=false, locationContextEnabled=true, mobileEmulationEnabled=false, version=43.0.2357.81, takesHeapSnapshot=true, cssSelectorsEnabled=true, databaseEnabled=false, handlesAlerts=true, browserConnectionEnabled=false, webStorageEnabled=true, nativeEvents=true, applicationCacheEnabled=false, takesScreenshot=true}]]]>
            </message>
            <full-stacktrace>
              <![CDATA[org.openqa.selenium.NoSuchElementException: no such element
  (Session info: chrome=43.0.2357.81)
  (Driver info: chromedriver=2.15.322455 (ae8db840dac8d0c453355d3d922c91adfb61df8f),platform=Mac OS X 10.10.2 x86_64) (WARNING: The server did not provide any stacktrace information)
Command duration or timeout: 30.06 seconds
For documentation on this error, please visit: http://seleniumhq.org/exceptions/no_such_element.html
Build info: version: '2.45.0', revision: '5017cb8e7ca8e37638dc3091b2440b90a1d8686f', time: '2015-02-27 09:10:26'
System info: host: '80e65026a410', ip: '10.92.244.252', os.name: 'Mac OS X', os.arch: 'x86_64', os.version: '10.10.2', java.version: '1.7.0_75'
*** Element info: {Using=xpath, value=//a[text()='Automation']/../../td[6]/a}
Session ID: de9bea4571acb4a624b8fa51b55fccf1
Driver info: org.openqa.selenium.chrome.ChromeDriver
Capabilities [{platform=MAC, acceptSslCerts=true, javascriptEnabled=true, browserName=chrome, chrome={userDataDir=/var/folders/y9/d9yyv9fs0h707hcgpy644q_ss5n7vv/T/.org.chromium.Chromium.t2jQkD}, rotatable=false, locationContextEnabled=true, mobileEmulationEnabled=false, version=43.0.2357.81, takesHeapSnapshot=true, cssSelectorsEnabled=true, databaseEnabled=false, handlesAlerts=true, browserConnectionEnabled=false, webStorageEnabled=true, nativeEvents=true, applicationCacheEnabled=false, takesScreenshot=true}]
	at sun.reflect.NativeConstructorAccessorImpl.newInstance0(Native Method)
	at sun.reflect.NativeConstructorAccessorImpl.newInstance(NativeConstructorAccessorImpl.java:57)
	at sun.reflect.DelegatingConstructorAccessorImpl.newInstance(DelegatingConstructorAccessorImpl.java:45)
	at java.lang.reflect.Constructor.newInstance(Constructor.java:526)
	at org.openqa.selenium.remote.ErrorHandler.createThrowable(ErrorHandler.java:204)
	at org.openqa.selenium.remote.ErrorHandler.throwIfResponseFailed(ErrorHandler.java:156)
	at org.openqa.selenium.remote.RemoteWebDriver.execute(RemoteWebDriver.java:599)
	at org.openqa.selenium.remote.RemoteWebDriver.findElement(RemoteWebDriver.java:352)
	at org.openqa.selenium.remote.RemoteWebDriver.findElementByXPath(RemoteWebDriver.java:449)
	at org.openqa.selenium.By$ByXPath.findElement(By.java:357)
	at org.openqa.selenium.remote.RemoteWebDriver.findElement(RemoteWebDriver.java:344)
	at org.openqa.selenium.support.pagefactory.DefaultElementLocator.findElement(DefaultElementLocator.java:59)
	at org.openqa.selenium.support.pagefactory.internal.LocatingElementHandler.invoke(LocatingElementHandler.java:37)
	at com.sun.proxy.$Proxy6.click(Unknown Source)
	at com.application.pages.BillingTypesPage.deleteBilling(BillingTypesPage.java:29)
	at com.application.tests.DeleteBillingTest.testDeleteBilling(DeleteBillingTest.java:21)
	at sun.reflect.NativeMethodAccessorImpl.invoke0(Native Method)
	at sun.reflect.NativeMethodAccessorImpl.invoke(NativeMethodAccessorImpl.java:57)
	at sun.reflect.DelegatingMethodAccessorImpl.invoke(DelegatingMethodAccessorImpl.java:43)
	at java.lang.reflect.Method.invoke(Method.java:606)
	at org.testng.internal.MethodInvocationHelper.invokeMethod(MethodInvocationHelper.java:85)
	at org.testng.internal.Invoker.invokeMethod(Invoker.java:659)
	at org.testng.internal.Invoker.invokeTestMethod(Invoker.java:845)
	at org.testng.internal.Invoker.invokeTestMethods(Invoker.java:1153)
	at org.testng.internal.TestMethodWorker.invokeTestMethods(TestMethodWorker.java:125)
	at org.testng.internal.TestMethodWorker.run(TestMethodWorker.java:108)
	at org.testng.TestRunner.privateRun(TestRunner.java:771)
	at org.testng.TestRunner.run(TestRunner.java:621)
	at org.testng.SuiteRunner.runTest(SuiteRunner.java:357)
	at org.testng.SuiteRunner.runSequentially(SuiteRunner.java:352)
	at org.testng.SuiteRunner.privateRun(SuiteRunner.java:310)
	at org.testng.SuiteRunner.run(SuiteRunner.java:259)
	at org.testng.SuiteRunnerWorker.runSuite(SuiteRunnerWorker.java:52)
	at org.testng.SuiteRunnerWorker.run(SuiteRunnerWorker.java:86)
	at org.testng.TestNG.runSuitesSequentially(TestNG.java:1199)
	at org.testng.TestNG.runSuitesLocally(TestNG.java:1124)
	at org.testng.TestNG.run(TestNG.java:1032)
	at org.testng.remote.RemoteTestNG.run(RemoteTestNG.java:111)
	at org.testng.remote.RemoteTestNG.initAndRun(RemoteTestNG.java:204)
	at org.testng.remote.RemoteTestNG.main(RemoteTestNG.java:175)
]]>
            </full-stacktrace>
          </exception> <!-- org.openqa.selenium.NoSuchElementException -->
          <reporter-output>
          </reporter-output>
        </test-method> <!-- testDeleteBilling -->
        <test-method status="PASS" signature="quit()[pri:0, instance:com.application.tests.DeleteBillingTest@173940bb]" name="quit" is-config="true" duration-ms="563" started-at="2015-06-02T19:23:21Z" finished-at="2015-06-02T19:23:22Z">
          <reporter-output>
          </reporter-output>
        </test-method> <!-- quit -->
      </class> <!-- com.application.tests.DeleteBillingTest -->
      <class name="com.application.tests.LoginLogout">
        <test-method status="PASS" signature="launch()[pri:0, instance:com.application.tests.LoginLogout@2ea37a18]" name="launch" is-config="true" duration-ms="4411" started-at="2015-06-02T19:22:22Z" finished-at="2015-06-02T19:22:27Z">
          <reporter-output>
          </reporter-output>
        </test-method> <!-- launch -->
        <test-method status="PASS" signature="testLoginLogout()[pri:0, instance:com.application.tests.LoginLogout@2ea37a18]" name="testLoginLogout" duration-ms="5379" started-at="2015-06-02T19:22:27Z" finished-at="2015-06-02T19:22:32Z">
          <reporter-output>
          </reporter-output>
        </test-method> <!-- testLoginLogout -->
        <test-method status="PASS" signature="quit()[pri:0, instance:com.application.tests.LoginLogout@2ea37a18]" name="quit" is-config="true" duration-ms="563" started-at="2015-06-02T19:22:32Z" finished-at="2015-06-02T19:22:33Z">
          <reporter-output>
          </reporter-output>
        </test-method> <!-- quit -->
      </class> <!-- com.application.tests.LoginLogout -->
      <class name="com.application.tests.CreateBillingTest">
        <test-method status="PASS" signature="launch()[pri:0, instance:com.application.tests.CreateBillingTest@1fe398a0]" name="launch" is-config="true" duration-ms="3021" started-at="2015-06-02T19:22:33Z" finished-at="2015-06-02T19:22:36Z">
          <reporter-output>
          </reporter-output>
        </test-method> <!-- launch -->
        <test-method status="PASS" signature="testCreateBilling()[pri:0, instance:com.application.tests.CreateBillingTest@1fe398a0]" name="testCreateBilling" duration-ms="7674" started-at="2015-06-02T19:22:36Z" finished-at="2015-06-02T19:22:43Z">
          <reporter-output>
          </reporter-output>
        </test-method> <!-- testCreateBilling -->
        <test-method status="PASS" signature="quit()[pri:0, instance:com.application.tests.CreateBillingTest@1fe398a0]" name="quit" is-config="true" duration-ms="557" started-at="2015-06-02T19:22:43Z" finished-at="2015-06-02T19:22:44Z">
          <reporter-output>
          </reporter-output>
        </test-method> <!-- quit -->
      </class> <!-- com.application.tests.CreateBillingTest -->
    </test> <!-- Default test -->
  </suite> <!-- Default suite -->
</testng-results>
